06.04.2023 19:39:16,19 [START] Run: build.bat
06.04.2023 19:39:16,20 [LABEL] :set_root
06.04.2023 19:39:16,20 [INFO] Current Path: "D:\Users\TheDayG0ne\Documents\GitHub\kaylh\retrobat"
06.04.2023 19:39:16,21 [LABEL] :set_install
06.04.2023 19:39:16,44 [INFO] Version: retrobat-5.1.0-stable
06.04.2023 19:39:16,44 [INFO] Build Path: "D:\Users\TheDayG0ne\Documents\GitHub\kaylh\retrobat\build"
06.04.2023 19:39:16,45 [INFO] Download Path: "D:\Users\TheDayG0ne\Documents\GitHub\kaylh\retrobat\build\system\download"
06.04.2023 19:39:16,46 [LABEL] :set_builder
06.04.2023 19:39:16,48 [INFO] makensis: found
06.04.2023 19:39:16,48 [INFO] 7za: found
06.04.2023 19:39:16,48 [INFO] strip: found
06.04.2023 19:39:16,48 [INFO] wget: found
06.04.2023 19:39:23,18 [LABEL] :get_packages
06.04.2023 19:39:26,21 [INFO] retrobat_binaries copied to "D:\Users\TheDayG0ne\Documents\GitHub\kaylh\retrobat\build"
06.04.2023 19:39:26,33 [INFO] bios copied to "D:\Users\TheDayG0ne\Documents\GitHub\kaylh\retrobat\build\bios"
06.04.2023 19:39:26,33 [INFO] default_theme copied to "D:\Users\TheDayG0ne\Documents\GitHub\kaylh\retrobat\build\emulationstation\.emulationstation\themes\es-theme-carbon"
06.04.2023 19:39:26,33 [INFO] decorations copied to "D:\Users\TheDayG0ne\Documents\GitHub\kaylh\retrobat\build\system\decorations"
06.04.2023 19:39:26,33 [INFO] system copied to "D:\Users\TheDayG0ne\Documents\GitHub\kaylh\retrobat\build\system"
06.04.2023 19:39:51,79 [INFO] Get retrobat_binaries from https://www.retrobat.ovh/repo/tools
06.04.2023 19:39:51,80 [INFO] retrobat_binaries_sha256=96ef550a20bec25518e262b2226ca066c1558295338420fe7ce1c317fcae1b1d > "D:\Users\TheDayG0ne\Documents\GitHub\kaylh\retrobat\build\hash_list.txt"
06.04.2023 19:39:53,40 [INFO] Copy retrobat_binaries to D:\Users\TheDayG0ne\Documents\GitHub\kaylh\retrobat\build
06.04.2023 19:40:43,94 [INFO] Get emulationstation from https://github.com/fabricecaruso/batocera-emulationstation/releases/download/continuous-master
06.04.2023 19:40:43,95 [INFO] emulationstation_sha256=68aee9c984d4429dae6637951a6eff0063f76d7f84a01b59289810801cbe973a > "D:\Users\TheDayG0ne\Documents\GitHub\kaylh\retrobat\build\hash_list.txt"
06.04.2023 19:40:52,79 [INFO] Copy emulationstation to D:\Users\TheDayG0ne\Documents\GitHub\kaylh\retrobat\build\emulationstation
06.04.2023 19:41:04,47 [INFO] Get batocera_ports from https://github.com/fabricecaruso/batocera-ports/releases/download/continuous
06.04.2023 19:41:04,47 [INFO] batocera_ports_sha256=bac5abcc05b523807dec827dab96e78353a7c0846e26d57d94783c433ee22cfd > "D:\Users\TheDayG0ne\Documents\GitHub\kaylh\retrobat\build\hash_list.txt"
06.04.2023 19:41:05,15 [INFO] Copy batocera_ports to D:\Users\TheDayG0ne\Documents\GitHub\kaylh\retrobat\build\emulationstation
06.04.2023 19:41:15,98 [INFO] Get retroarch from https://buildbot.libretro.com/stable/1.10.3/windows/x86_64
06.04.2023 19:41:15,99 [INFO] retroarch_sha256=924f40b63e0cf9aaa0f89c34c75d0c85c26f921c6563917405b099b11ff7ae4c > "D:\Users\TheDayG0ne\Documents\GitHub\kaylh\retrobat\build\hash_list.txt"
06.04.2023 19:42:25,48 [INFO] Copy retroarch to D:\Users\TheDayG0ne\Documents\GitHub\kaylh\retrobat\build\emulators\retroarch
06.04.2023 19:42:27,68 [INFO] Get wiimotegun from https://github.com/fabricecaruso/WiimoteGun/releases/download/v1.0
06.04.2023 19:42:27,70 [INFO] wiimotegun_sha256=a8a7ba78b5b8708c1e45fab919991f6dc9dab6a918257c17170624135ece2a0b > "D:\Users\TheDayG0ne\Documents\GitHub\kaylh\retrobat\build\hash_list.txt"
06.04.2023 19:42:28,04 [INFO] Copy wiimotegun to D:\Users\TheDayG0ne\Documents\GitHub\kaylh\retrobat\build\emulationstation
06.04.2023 19:42:28,07 [LABEL] :set_config
06.04.2023 19:42:49,65 [LABEL] :build_setup
06.04.2023 19:57:44,19 [INFO] Build "retrobat-v5.1.0-stable-win64-setup.exe" in "D:\Users\TheDayG0ne\Documents\GitHub\kaylh\retrobat\build"
06.04.2023 19:57:44,21 [INFO] Created "retrobat-v5.1.0-stable-win64-setup.exe.sha256.txt" in "D:\Users\TheDayG0ne\Documents\GitHub\kaylh\retrobat\build"
06.04.2023 19:57:51,51 [LABEL] :create_archive
06.04.2023 19:58:33,91 [INFO] Created "retrobat-v5.1.0-stable-win64.zip" in "D:\Users\TheDayG0ne\Documents\GitHub\kaylh\retrobat\build"
06.04.2023 19:58:33,95 [INFO] Created "retrobat-v5.1.0-stable-win64.zip.sha256.txt" in "D:\Users\TheDayG0ne\Documents\GitHub\kaylh\retrobat\build"
06.04.2023 19:58:48,20 [EXIT] 0
